<?xml version="1.0" encoding="UTF-8"?>
<!-- Generated by org.testng.reporters.JUnitXMLReporter -->
<testsuite hostname="EC2AMAZ-0VEGHJH" ignored="0" name="Chrome Test" tests="1" failures="1" timestamp="15 Jul 2019 12:59:03 GMT" time="19.801" errors="0">
  <testcase name="tc_buyCamera" time="12.09" classname="com.telstra.testcases.FlipkartHomePageTests">
    <failure type="java.lang.AssertionError" message="The following asserts failed:
	expected [Payment Options] but found [PAYMENT OPTIONS]">
      <![CDATA[java.lang.AssertionError: The following asserts failed:
	expected [Payment Options] but found [PAYMENT OPTIONS]
	at com.telstra.utility.TelstraVerification.verifyText(TelstraVerification.java:31)
	at com.telstra.testcases.FlipkartHomePageTests.tc_buyCamera(FlipkartHomePageTests.java:53)
... Removed 26 stack frames]]>
    </failure>
  </testcase> <!-- tc_buyCamera -->
</testsuite> <!-- Chrome Test -->
