<?xml version="1.0" encoding="UTF-8"?>
<testng-results skipped="0" failed="1" ignored="0" total="1" passed="0">
  <reporter-output>
    <line>
      <![CDATA[[[ChromeDriver: chrome on XP (15a299088b4056d616f4e35803c56af6)] -> xpath: //div[@class='_2aUbKa' and text()='Venkatesh']]: Loaded successfully]]>
    </line>
    <line>
      <![CDATA[Passed : Actual Text:= [https://www.flipkart.com/] Expected Text:= [https://www.flipkart.com/]]]>
    </line>
    <line>
      <![CDATA[[[ChromeDriver: chrome on XP (15a299088b4056d616f4e35803c56af6)] -> name: q]: Loaded successfully]]>
    </line>
    <line>
      <![CDATA[[[ChromeDriver: chrome on XP (15a299088b4056d616f4e35803c56af6)] -> xpath: //button/span[text()='Place Order']]: Loaded successfully]]>
    </line>
    <line>
      <![CDATA[Passed : Actual Text:= [Sony CyberShot DSC-W800/SC IN5] Expected Text:= [Sony CyberShot DSC-W800/SC IN5]]]>
    </line>
    <line>
      <![CDATA[[[ChromeDriver: chrome on XP (15a299088b4056d616f4e35803c56af6)] -> xpath: //button[text()='CONTINUE']]: Loaded successfully]]>
    </line>
    <line>
      <![CDATA[[[ChromeDriver: chrome on XP (15a299088b4056d616f4e35803c56af6)] -> xpath: //h3/span[text()='Payment Options']]: Loaded successfully]]>
    </line>
    <line>
      <![CDATA[Failed : Actual Text:= [PAYMENT OPTIONS] Expected Text:= [Payment Options]]]>
    </line>
  </reporter-output>
  <suite name="Default suite" duration-ms="17126" started-at="2019-07-16T06:29:26Z" finished-at="2019-07-16T06:29:43Z">
    <groups>
    </groups>
    <test name="Default test" duration-ms="17126" started-at="2019-07-16T06:29:26Z" finished-at="2019-07-16T06:29:43Z">
      <class name="com.telstra.testcases.FlipkartHomePageTests">
        <test-method status="PASS" signature="openBrowser(java.lang.String)[pri:0, instance:com.telstra.testcases.FlipkartHomePageTests@4667ae56]" name="openBrowser" is-config="true" duration-ms="7699" started-at="2019-07-16T06:29:26Z" finished-at="2019-07-16T06:29:33Z">
          <params>
            <param index="0">
              <value>
                <![CDATA[chrome]]>
              </value>
            </param>
          </params>
          <reporter-output>
          </reporter-output>
        </test-method> <!-- openBrowser -->
        <test-method status="FAIL" signature="tc_buyCamera()[pri:0, instance:com.telstra.testcases.FlipkartHomePageTests@4667ae56]" name="tc_buyCamera" duration-ms="8655" started-at="2019-07-16T06:29:33Z" description="Select camera add to cart navigate to cart and logout" finished-at="2019-07-16T06:29:42Z">
          <exception class="java.lang.AssertionError">
            <message>
              <![CDATA[The following asserts failed:
	expected [Payment Options] but found [PAYMENT OPTIONS]]]>
            </message>
            <full-stacktrace>
              <![CDATA[java.lang.AssertionError: The following asserts failed:
	expected [Payment Options] but found [PAYMENT OPTIONS]
	at org.testng.asserts.SoftAssert.assertAll(SoftAssert.java:43)
	at com.telstra.utility.TelstraVerification.verifyText(TelstraVerification.java:31)
	at com.telstra.testcases.FlipkartHomePageTests.tc_buyCamera(FlipkartHomePageTests.java:53)
	at sun.reflect.NativeMethodAccessorImpl.invoke0(Native Method)
	at sun.reflect.NativeMethodAccessorImpl.invoke(NativeMethodAccessorImpl.java:62)
	at sun.reflect.DelegatingMethodAccessorImpl.invoke(DelegatingMethodAccessorImpl.java:43)
	at java.lang.reflect.Method.invoke(Method.java:498)
	at org.testng.internal.MethodInvocationHelper.invokeMethod(MethodInvocationHelper.java:108)
	at org.testng.internal.Invoker.invokeMethod(Invoker.java:661)
	at org.testng.internal.Invoker.invokeTestMethod(Invoker.java:869)
	at org.testng.internal.Invoker.invokeTestMethods(Invoker.java:1193)
	at org.testng.internal.TestMethodWorker.invokeTestMethods(TestMethodWorker.java:126)
	at org.testng.internal.TestMethodWorker.run(TestMethodWorker.java:109)
	at org.testng.TestRunner.privateRun(TestRunner.java:744)
	at org.testng.TestRunner.run(TestRunner.java:602)
	at org.testng.SuiteRunner.runTest(SuiteRunner.java:380)
	at org.testng.SuiteRunner.runSequentially(SuiteRunner.java:375)
	at org.testng.SuiteRunner.privateRun(SuiteRunner.java:340)
	at org.testng.SuiteRunner.run(SuiteRunner.java:289)
	at org.testng.SuiteRunnerWorker.runSuite(SuiteRunnerWorker.java:52)
	at org.testng.SuiteRunnerWorker.run(SuiteRunnerWorker.java:86)
	at org.testng.TestNG.runSuitesSequentially(TestNG.java:1301)
	at org.testng.TestNG.runSuitesLocally(TestNG.java:1226)
	at org.testng.TestNG.runSuites(TestNG.java:1144)
	at org.testng.TestNG.run(TestNG.java:1115)
	at org.testng.remote.AbstractRemoteTestNG.run(AbstractRemoteTestNG.java:114)
	at org.testng.remote.RemoteTestNG.initAndRun(RemoteTestNG.java:251)
	at org.testng.remote.RemoteTestNG.main(RemoteTestNG.java:77)
]]>
            </full-stacktrace>
          </exception> <!-- java.lang.AssertionError -->
          <reporter-output>
            <line>
              <![CDATA[[[ChromeDriver: chrome on XP (15a299088b4056d616f4e35803c56af6)] -> xpath: //div[@class='_2aUbKa' and text()='Venkatesh']]: Loaded successfully]]>
            </line>
            <line>
              <![CDATA[Passed : Actual Text:= [https://www.flipkart.com/] Expected Text:= [https://www.flipkart.com/]]]>
            </line>
            <line>
              <![CDATA[[[ChromeDriver: chrome on XP (15a299088b4056d616f4e35803c56af6)] -> name: q]: Loaded successfully]]>
            </line>
            <line>
              <![CDATA[[[ChromeDriver: chrome on XP (15a299088b4056d616f4e35803c56af6)] -> xpath: //button/span[text()='Place Order']]: Loaded successfully]]>
            </line>
            <line>
              <![CDATA[Passed : Actual Text:= [Sony CyberShot DSC-W800/SC IN5] Expected Text:= [Sony CyberShot DSC-W800/SC IN5]]]>
            </line>
            <line>
              <![CDATA[[[ChromeDriver: chrome on XP (15a299088b4056d616f4e35803c56af6)] -> xpath: //button[text()='CONTINUE']]: Loaded successfully]]>
            </line>
            <line>
              <![CDATA[[[ChromeDriver: chrome on XP (15a299088b4056d616f4e35803c56af6)] -> xpath: //h3/span[text()='Payment Options']]: Loaded successfully]]>
            </line>
            <line>
              <![CDATA[Failed : Actual Text:= [PAYMENT OPTIONS] Expected Text:= [Payment Options]]]>
            </line>
          </reporter-output>
        </test-method> <!-- tc_buyCamera -->
        <test-method status="PASS" signature="tear()[pri:0, instance:com.telstra.testcases.FlipkartHomePageTests@4667ae56]" name="tear" is-config="true" duration-ms="736" started-at="2019-07-16T06:29:42Z" finished-at="2019-07-16T06:29:43Z">
          <reporter-output>
          </reporter-output>
        </test-method> <!-- tear -->
      </class> <!-- com.telstra.testcases.FlipkartHomePageTests -->
    </test> <!-- Default test -->
  </suite> <!-- Default suite -->
</testng-results>
